<?xml version="1.0" encoding="UTF-8"?>
<!-- Generated by org.testng.reporters.JUnitXMLReporter -->
<testsuite hostname="DESKTOP-COEEAOS" ignored="0" name="Default test" tests="4" failures="0" timestamp="05 Sep 2019 08:55:23 GMT" time="81.689" errors="0">
  <testcase name="AdminLogin" time="6.157" classname="com.training.sanity.tests.AdminLoginTest"/>
  <testcase name="PropertiesTest" time="21.893" classname="com.training.sanity.tests.AdminLoginTest"/>
  <testcase name="FeaturesTest" time="17.74" classname="com.training.sanity.tests.AdminLoginTest"/>
  <testcase name="RegionsTest" time="18.984" classname="com.training.sanity.tests.AdminLoginTest"/>
</testsuite> <!-- Default test -->
